<?xml version="1.0" encoding="UTF-8"?>
<testsuite name="com.mysite.sbb.SbbApplicationTests" tests="11" skipped="0" failures="2" errors="0" timestamp="2025-09-10T08:22:22.648Z" hostname="yej-ui-MacBookAir.local" time="0.593">
  <properties/>
  <testcase name="testJpa()" classname="com.mysite.sbb.SbbApplicationTests" time="0.3"/>
  <testcase name="testJpa10()" classname="com.mysite.sbb.SbbApplicationTests" time="0.019">
    <failure message="org.opentest4j.AssertionFailedError: expected: &lt;true&gt; but was: &lt;false&gt;" type="org.opentest4j.AssertionFailedError">org.opentest4j.AssertionFailedError: expected: &lt;true&gt; but was: &lt;false&gt;
	at app//org.junit.jupiter.api.AssertionFailureBuilder.build(AssertionFailureBuilder.java:151)
	at app//org.junit.jupiter.api.AssertionFailureBuilder.buildAndThrow(AssertionFailureBuilder.java:132)
	at app//org.junit.jupiter.api.AssertTrue.failNotTrue(AssertTrue.java:63)
	at app//org.junit.jupiter.api.AssertTrue.assertTrue(AssertTrue.java:36)
	at app//org.junit.jupiter.api.AssertTrue.assertTrue(AssertTrue.java:31)
	at app//org.junit.jupiter.api.Assertions.assertTrue(Assertions.java:183)
	at app//com.mysite.sbb.SbbApplicationTests.testJpa10(SbbApplicationTests.java:127)
	at java.base@21.0.2/java.lang.reflect.Method.invoke(Method.java:580)
	at java.base@21.0.2/java.util.ArrayList.forEach(ArrayList.java:1596)
	at java.base@21.0.2/java.util.ArrayList.forEach(ArrayList.java:1596)
</failure>
  </testcase>
  <testcase name="testJpa11()" classname="com.mysite.sbb.SbbApplicationTests" time="0.016">
    <failure message="org.opentest4j.AssertionFailedError: expected: &lt;1&gt; but was: &lt;0&gt;" type="org.opentest4j.AssertionFailedError">org.opentest4j.AssertionFailedError: expected: &lt;1&gt; but was: &lt;0&gt;
	at app//org.junit.jupiter.api.AssertionFailureBuilder.build(AssertionFailureBuilder.java:151)
	at app//org.junit.jupiter.api.AssertionFailureBuilder.buildAndThrow(AssertionFailureBuilder.java:132)
	at app//org.junit.jupiter.api.AssertEquals.failNotEqual(AssertEquals.java:197)
	at app//org.junit.jupiter.api.AssertEquals.assertEquals(AssertEquals.java:150)
	at app//org.junit.jupiter.api.AssertEquals.assertEquals(AssertEquals.java:145)
	at app//org.junit.jupiter.api.Assertions.assertEquals(Assertions.java:531)
	at app//com.mysite.sbb.SbbApplicationTests.testJpa11(SbbApplicationTests.java:142)
	at java.base@21.0.2/java.lang.reflect.Method.invoke(Method.java:580)
	at java.base@21.0.2/java.util.ArrayList.forEach(ArrayList.java:1596)
	at java.base@21.0.2/java.util.ArrayList.forEach(ArrayList.java:1596)
</failure>
  </testcase>
  <testcase name="testJpa2()" classname="com.mysite.sbb.SbbApplicationTests" time="0.04"/>
  <testcase name="testJpa3()" classname="com.mysite.sbb.SbbApplicationTests" time="0.003"/>
  <testcase name="testJpa4()" classname="com.mysite.sbb.SbbApplicationTests" time="0.026"/>
  <testcase name="testJpa5()" classname="com.mysite.sbb.SbbApplicationTests" time="0.004"/>
  <testcase name="testJpa6()" classname="com.mysite.sbb.SbbApplicationTests" time="0.006"/>
  <testcase name="testJpa7()" classname="com.mysite.sbb.SbbApplicationTests" time="0.013"/>
  <testcase name="testJpa8()" classname="com.mysite.sbb.SbbApplicationTests" time="0.152"/>
  <testcase name="testJpa9()" classname="com.mysite.sbb.SbbApplicationTests" time="0.005"/>
  <system-out><![CDATA[17:22:21.007 [Test worker] INFO org.springframework.test.context.support.AnnotationConfigContextLoaderUtils -- Could not detect default configuration classes for test class [com.mysite.sbb.SbbApplicationTests]: SbbApplicationTests does not declare any static, non-private, non-final, nested classes annotated with @Configuration.
17:22:21.051 [Test worker] INFO org.springframework.boot.test.context.SpringBootTestContextBootstrapper -- Found @SpringBootConfiguration com.mysite.sbb.SbbApplication for test class com.mysite.sbb.SbbApplicationTests

  .   ____          _            __ _ _
 /\\ / ___'_ __ _ _(_)_ __  __ _ \ \ \ \
( ( )\___ | '_ | '_| | '_ \/ _` | \ \ \ \
 \\/  ___)| |_)| | | | | || (_| |  ) ) ) )
  '  |____| .__|_| |_|_| |_\__, | / / / /
 =========|_|==============|___/=/_/_/_/

?[32m :: Spring Boot :: ?[39m              ?[2m (v3.5.5)?[0;39m

?[2m2025-09-10T17:22:21.218+09:00?[0;39m ?[32m INFO?[0;39m ?[35m12383?[0;39m ?[2m--- [sbb] [    Test worker] ?[0;39m?[36mcom.mysite.sbb.SbbApplicationTests      ?[0;39m ?[2m:?[0;39m Starting SbbApplicationTests using Java 21.0.2 with PID 12383 (started by yeaji in /Users/yeaji/IdeaProjects/p-14518-mission-1-main)
?[2m2025-09-10T17:22:21.220+09:00?[0;39m ?[32m INFO?[0;39m ?[35m12383?[0;39m ?[2m--- [sbb] [    Test worker] ?[0;39m?[36mcom.mysite.sbb.SbbApplicationTests      ?[0;39m ?[2m:?[0;39m The following 1 profile is active: "dev"
?[2m2025-09-10T17:22:21.512+09:00?[0;39m ?[32m INFO?[0;39m ?[35m12383?[0;39m ?[2m--- [sbb] [    Test worker] ?[0;39m?[36m.s.d.r.c.RepositoryConfigurationDelegate?[0;39m ?[2m:?[0;39m Bootstrapping Spring Data JPA repositories in DEFAULT mode.
?[2m2025-09-10T17:22:21.533+09:00?[0;39m ?[32m INFO?[0;39m ?[35m12383?[0;39m ?[2m--- [sbb] [    Test worker] ?[0;39m?[36m.s.d.r.c.RepositoryConfigurationDelegate?[0;39m ?[2m:?[0;39m Finished Spring Data repository scanning in 17 ms. Found 2 JPA repository interfaces.
?[2m2025-09-10T17:22:21.689+09:00?[0;39m ?[32m INFO?[0;39m ?[35m12383?[0;39m ?[2m--- [sbb] [    Test worker] ?[0;39m?[36mo.hibernate.jpa.internal.util.LogHelper ?[0;39m ?[2m:?[0;39m HHH000204: Processing PersistenceUnitInfo [name: default]
?[2m2025-09-10T17:22:21.711+09:00?[0;39m ?[32m INFO?[0;39m ?[35m12383?[0;39m ?[2m--- [sbb] [    Test worker] ?[0;39m?[36morg.hibernate.Version                   ?[0;39m ?[2m:?[0;39m HHH000412: Hibernate ORM core version 6.6.26.Final
?[2m2025-09-10T17:22:21.722+09:00?[0;39m ?[32m INFO?[0;39m ?[35m12383?[0;39m ?[2m--- [sbb] [    Test worker] ?[0;39m?[36mo.h.c.internal.RegionFactoryInitiator   ?[0;39m ?[2m:?[0;39m HHH000026: Second-level cache disabled
?[2m2025-09-10T17:22:21.828+09:00?[0;39m ?[32m INFO?[0;39m ?[35m12383?[0;39m ?[2m--- [sbb] [    Test worker] ?[0;39m?[36mo.s.o.j.p.SpringPersistenceUnitInfo     ?[0;39m ?[2m:?[0;39m No LoadTimeWeaver setup: ignoring JPA class transformer
?[2m2025-09-10T17:22:21.839+09:00?[0;39m ?[32m INFO?[0;39m ?[35m12383?[0;39m ?[2m--- [sbb] [    Test worker] ?[0;39m?[36mcom.zaxxer.hikari.HikariDataSource      ?[0;39m ?[2m:?[0;39m HikariPool-1 - Starting...
?[2m2025-09-10T17:22:21.921+09:00?[0;39m ?[32m INFO?[0;39m ?[35m12383?[0;39m ?[2m--- [sbb] [    Test worker] ?[0;39m?[36mcom.zaxxer.hikari.pool.HikariPool       ?[0;39m ?[2m:?[0;39m HikariPool-1 - Added connection conn0: url=jdbc:h2:./db_dev user=SA
?[2m2025-09-10T17:22:21.922+09:00?[0;39m ?[32m INFO?[0;39m ?[35m12383?[0;39m ?[2m--- [sbb] [    Test worker] ?[0;39m?[36mcom.zaxxer.hikari.HikariDataSource      ?[0;39m ?[2m:?[0;39m HikariPool-1 - Start completed.
?[2m2025-09-10T17:22:21.946+09:00?[0;39m ?[32m INFO?[0;39m ?[35m12383?[0;39m ?[2m--- [sbb] [    Test worker] ?[0;39m?[36morg.hibernate.orm.connections.pooling   ?[0;39m ?[2m:?[0;39m HHH10001005: Database info:
	Database JDBC URL [Connecting through datasource 'HikariDataSource (HikariPool-1)']
	Database driver: undefined/unknown
	Database version: 2.3.232
	Autocommit mode: undefined/unknown
	Isolation level: undefined/unknown
	Minimum pool size: undefined/unknown
	Maximum pool size: undefined/unknown
?[2m2025-09-10T17:22:22.285+09:00?[0;39m ?[32m INFO?[0;39m ?[35m12383?[0;39m ?[2m--- [sbb] [    Test worker] ?[0;39m?[36mo.h.e.t.j.p.i.JtaPlatformInitiator      ?[0;39m ?[2m:?[0;39m HHH000489: No JTA platform available (set 'hibernate.transaction.jta.platform' to enable JTA platform integration)
?[35m[Hibernate]?[0m 
    ?[34mcreate?[0m ?[34mtable?[0m answer (
        id ?[34minteger?[0m generated ?[34mby?[0m ?[34mdefault?[0m ?[34mas?[0m ?[34midentity?[0m,
        content TEXT,
        create_date ?[34mtimestamp?[0m(6),
        question_id ?[34minteger?[0m,
        ?[34mprimary?[0m ?[34mkey?[0m (id)
    )
?[35m[Hibernate]?[0m 
    ?[34mcreate?[0m ?[34mtable?[0m question (
        id ?[34minteger?[0m generated ?[34mby?[0m ?[34mdefault?[0m ?[34mas?[0m ?[34midentity?[0m,
        content TEXT,
        create_date ?[34mtimestamp?[0m(6),
        subject ?[34mvarchar?[0m(200),
        ?[34mprimary?[0m ?[34mkey?[0m (id)
    )
?[35m[Hibernate]?[0m 
    ?[34malter?[0m ?[34mtable?[0m ?[34mif?[0m ?[34mexists?[0m answer 
       ?[34madd?[0m ?[34mconstraint?[0m FK8frr4bcabmmeyyu60qt7iiblo 
       ?[34mforeign?[0m ?[34mkey?[0m (question_id) 
       ?[34mreferences?[0m question
?[2m2025-09-10T17:22:22.313+09:00?[0;39m ?[32m INFO?[0;39m ?[35m12383?[0;39m ?[2m--- [sbb] [    Test worker] ?[0;39m?[36mj.LocalContainerEntityManagerFactoryBean?[0;39m ?[2m:?[0;39m Initialized JPA EntityManagerFactory for persistence unit 'default'
?[2m2025-09-10T17:22:22.472+09:00?[0;39m ?[33m WARN?[0;39m ?[35m12383?[0;39m ?[2m--- [sbb] [    Test worker] ?[0;39m?[36mJpaBaseConfiguration$JpaWebConfiguration?[0;39m ?[2m:?[0;39m spring.jpa.open-in-view is enabled by default. Therefore, database queries may be performed during view rendering. Explicitly configure spring.jpa.open-in-view to disable this warning
?[2m2025-09-10T17:22:22.639+09:00?[0;39m ?[32m INFO?[0;39m ?[35m12383?[0;39m ?[2m--- [sbb] [    Test worker] ?[0;39m?[36mcom.mysite.sbb.SbbApplicationTests      ?[0;39m ?[2m:?[0;39m Started SbbApplicationTests in 1.538 seconds (process running for 1.978)
?[35m[Hibernate]?[0m 
    /* ?[34minsert?[0m ?[34mfor?[0m
        com.mysite.sbb.question.Question */?[34minsert?[0m 
    ?[34minto?[0m
        question (content, create_date, subject, id) 
    ?[34mvalues?[0m
        (?, ?, ?, ?[34mdefault?[0m)
?[35m[Hibernate]?[0m 
    /* ?[34minsert?[0m ?[34mfor?[0m
        com.mysite.sbb.question.Question */?[34minsert?[0m 
    ?[34minto?[0m
        question (content, create_date, subject, id) 
    ?[34mvalues?[0m
        (?, ?, ?, ?[34mdefault?[0m)
?[35m[Hibernate]?[0m 
    ?[34mselect?[0m
        a1_0.id,
        a1_0.content,
        a1_0.create_date,
        q1_0.id,
        q1_0.content,
        q1_0.create_date,
        q1_0.subject 
    ?[34mfrom?[0m
        answer a1_0 
    ?[34mleft?[0m ?[34mjoin?[0m
        question q1_0 
            ?[34mon?[0m q1_0.id=a1_0.question_id 
    ?[34mwhere?[0m
        a1_0.id=?
?[35m[Hibernate]?[0m 
    ?[34mselect?[0m
        q1_0.id,
        q1_0.content,
        q1_0.create_date,
        q1_0.subject 
    ?[34mfrom?[0m
        question q1_0 
    ?[34mwhere?[0m
        q1_0.id=?
?[35m[Hibernate]?[0m 
    ?[34mselect?[0m
        a1_0.question_id,
        a1_0.id,
        a1_0.content,
        a1_0.create_date 
    ?[34mfrom?[0m
        answer a1_0 
    ?[34mwhere?[0m
        a1_0.question_id=?
?[35m[Hibernate]?[0m 
    /* <criteria> */ ?[34mselect?[0m
        q1_0.id,
        q1_0.content,
        q1_0.create_date,
        q1_0.subject 
    ?[34mfrom?[0m
        question q1_0
?[35m[Hibernate]?[0m 
    ?[34mselect?[0m
        q1_0.id,
        q1_0.content,
        q1_0.create_date,
        q1_0.subject 
    ?[34mfrom?[0m
        question q1_0 
    ?[34mwhere?[0m
        q1_0.id=?
?[35m[Hibernate]?[0m 
    /* <criteria> */ ?[34mselect?[0m
        q1_0.id,
        q1_0.content,
        q1_0.create_date,
        q1_0.subject 
    ?[34mfrom?[0m
        question q1_0 
    ?[34mwhere?[0m
        q1_0.subject=?
?[35m[Hibernate]?[0m 
    /* <criteria> */ ?[34mselect?[0m
        q1_0.id,
        q1_0.content,
        q1_0.create_date,
        q1_0.subject 
    ?[34mfrom?[0m
        question q1_0 
    ?[34mwhere?[0m
        q1_0.subject=? 
        ?[34mand?[0m q1_0.content=?
?[35m[Hibernate]?[0m 
    /* <criteria> */ ?[34mselect?[0m
        q1_0.id,
        q1_0.content,
        q1_0.create_date,
        q1_0.subject 
    ?[34mfrom?[0m
        question q1_0 
    ?[34mwhere?[0m
        q1_0.subject ?[34mlike?[0m ? ?[34mescape?[0m ?[36m'\'?[0m
?[35m[Hibernate]?[0m 
    ?[34mselect?[0m
        q1_0.id,
        q1_0.content,
        q1_0.create_date,
        q1_0.subject 
    ?[34mfrom?[0m
        question q1_0 
    ?[34mwhere?[0m
        q1_0.id=?
?[35m[Hibernate]?[0m 
    ?[34mselect?[0m
        q1_0.id,
        q1_0.content,
        q1_0.create_date,
        q1_0.subject 
    ?[34mfrom?[0m
        question q1_0 
    ?[34mwhere?[0m
        q1_0.id=?
?[35m[Hibernate]?[0m 
    /* ?[34mupdate?[0m
        ?[34mfor?[0m com.mysite.sbb.question.Question */?[34mupdate?[0m question 
    ?[34mset?[0m
        content=?,
        create_date=?,
        subject=? 
    ?[34mwhere?[0m
        id=?
?[35m[Hibernate]?[0m 
    /* ?[34mselect?[0m
        count(*) 
    ?[34mfrom?[0m
        Question x */ ?[34mselect?[0m
            count(*) 
        ?[34mfrom?[0m
            question q1_0
?[35m[Hibernate]?[0m 
    ?[34mselect?[0m
        q1_0.id,
        q1_0.content,
        q1_0.create_date,
        q1_0.subject 
    ?[34mfrom?[0m
        question q1_0 
    ?[34mwhere?[0m
        q1_0.id=?
?[35m[Hibernate]?[0m 
    ?[34mselect?[0m
        q1_0.id,
        q1_0.content,
        q1_0.create_date,
        q1_0.subject 
    ?[34mfrom?[0m
        question q1_0 
    ?[34mwhere?[0m
        q1_0.id=?
?[35m[Hibernate]?[0m 
    ?[34mselect?[0m
        a1_0.question_id,
        a1_0.id,
        a1_0.content,
        a1_0.create_date 
    ?[34mfrom?[0m
        answer a1_0 
    ?[34mwhere?[0m
        a1_0.question_id=?
?[35m[Hibernate]?[0m 
    /* ?[34mdelete?[0m ?[34mfor?[0m com.mysite.sbb.question.Question */?[34mdelete?[0m 
    ?[34mfrom?[0m
        question 
    ?[34mwhere?[0m
        id=?
?[35m[Hibernate]?[0m 
    /* ?[34mselect?[0m
        count(*) 
    ?[34mfrom?[0m
        Question x */ ?[34mselect?[0m
            count(*) 
        ?[34mfrom?[0m
            question q1_0
?[35m[Hibernate]?[0m 
    ?[34mselect?[0m
        q1_0.id,
        q1_0.content,
        q1_0.create_date,
        q1_0.subject 
    ?[34mfrom?[0m
        question q1_0 
    ?[34mwhere?[0m
        q1_0.id=?
?[35m[Hibernate]?[0m 
    /* ?[34minsert?[0m ?[34mfor?[0m
        com.mysite.sbb.answer.Answer */?[34minsert?[0m 
    ?[34minto?[0m
        answer (content, create_date, question_id, id) 
    ?[34mvalues?[0m
        (?, ?, ?, ?[34mdefault?[0m)
]]></system-out>
  <system-err><![CDATA[Mockito is currently self-attaching to enable the inline-mock-maker. This will no longer work in future releases of the JDK. Please add Mockito as an agent to your build as described in Mockito's documentation: https://javadoc.io/doc/org.mockito/mockito-core/latest/org.mockito/org/mockito/Mockito.html#0.3
WARNING: A Java agent has been loaded dynamically (/Users/yeaji/.gradle/caches/modules-2/files-2.1/net.bytebuddy/byte-buddy-agent/1.17.7/fbf3d6d649ed37fc9e9c59480a05be0a26e3c2da/byte-buddy-agent-1.17.7.jar)
WARNING: If a serviceability tool is in use, please run with -XX:+EnableDynamicAgentLoading to hide this warning
WARNING: If a serviceability tool is not in use, please run with -Djdk.instrument.traceUsage for more information
WARNING: Dynamic loading of agents will be disallowed by default in a future release
]]></system-err>
</testsuite>
